<?xml version="1.0" encoding="UTF-8"?>
<testng-results skipped="0" failed="0" ignored="0" total="1" passed="1">
  <reporter-output>
  </reporter-output>
  <suite name="Default suite" duration-ms="18686" started-at="2021-02-22T17:53:39Z" finished-at="2021-02-22T17:53:58Z">
    <groups>
    </groups>
    <test name="Default test" duration-ms="18686" started-at="2021-02-22T17:53:39Z" finished-at="2021-02-22T17:53:58Z">
      <class name="tnggg.cr7">
        <test-method status="PASS" signature="lauch()[pri:0, instance:tnggg.cr7@224edc67]" name="lauch" duration-ms="18663" started-at="2021-02-22T17:53:39Z" finished-at="2021-02-22T17:53:58Z">
          <reporter-output>
          </reporter-output>
        </test-method> <!-- lauch -->
      </class> <!-- tnggg.cr7 -->
    </test> <!-- Default test -->
  </suite> <!-- Default suite -->
</testng-results>
